<?xml version="1.0" encoding="UTF-8"?>
<coverage generated="1603007781567" clover="3.2.0">
  <project timestamp="1603007781567" name="All files">
    <metrics statements="29" coveredstatements="29" conditionals="2" coveredconditionals="2" methods="7" coveredmethods="7" elements="38" coveredelements="38" complexity="0" loc="29" ncloc="29" packages="1" files="4" classes="4"/>
    <file name="app.js" path="/Users/souppy/Desktop/workshop-tdd-nodejs-20201018/src/app.js">
      <metrics statements="8" coveredstatements="8" conditionals="0" coveredconditionals="0" methods="0" coveredmethods="0"/>
      <line num="1" count="1" type="stmt"/>
      <line num="2" count="1" type="stmt"/>
      <line num="3" count="1" type="stmt"/>
      <line num="5" count="1" type="stmt"/>
      <line num="7" count="1" type="stmt"/>
      <line num="14" count="1" type="stmt"/>
      <line num="15" count="1" type="stmt"/>
      <line num="18" count="1" type="stmt"/>
    </file>
    <file name="user_api.js" path="/Users/souppy/Desktop/workshop-tdd-nodejs-20201018/src/user_api.js">
      <metrics statements="11" coveredstatements="11" conditionals="2" coveredconditionals="2" methods="3" coveredmethods="3"/>
      <line num="1" count="1" type="stmt"/>
      <line num="2" count="1" type="stmt"/>
      <line num="3" count="1" type="stmt"/>
      <line num="5" count="1" type="stmt"/>
      <line num="6" count="3" type="stmt"/>
      <line num="9" count="2" type="cond" truecount="2" falsecount="0"/>
      <line num="10" count="1" type="stmt"/>
      <line num="11" count="1" type="stmt"/>
      <line num="13" count="1" type="stmt"/>
      <line num="16" count="1" type="stmt"/>
      <line num="20" count="1" type="stmt"/>
    </file>
    <file name="user_gateway.js" path="/Users/souppy/Desktop/workshop-tdd-nodejs-20201018/src/user_gateway.js">
      <metrics statements="6" coveredstatements="6" conditionals="0" coveredconditionals="0" methods="3" coveredmethods="3"/>
      <line num="1" count="3" type="stmt"/>
      <line num="3" count="3" type="stmt"/>
      <line num="4" count="4" type="stmt"/>
      <line num="10" count="2" type="stmt"/>
      <line num="16" count="2" type="stmt"/>
      <line num="23" count="3" type="stmt"/>
    </file>
    <file name="user_service.js" path="/Users/souppy/Desktop/workshop-tdd-nodejs-20201018/src/user_service.js">
      <metrics statements="4" coveredstatements="4" conditionals="0" coveredconditionals="0" methods="1" coveredmethods="1"/>
      <line num="1" count="2" type="stmt"/>
      <line num="3" count="2" type="stmt"/>
      <line num="4" count="4" type="stmt"/>
      <line num="7" count="2" type="stmt"/>
    </file>
  </project>
</coverage>
